<?xml version="1.0" encoding="UTF-8"?>
<!-- Generated by org.testng.reporters.JUnitReportReporter -->
<testsuite skipped="0" hostname="DESKTOP-TK3J6EM" name="runner.NaukriRunner" tests="1" failures="0" timestamp="26 Jun 2020 17:11:18 GMT" time="30.786" errors="0">
  <testcase name="runScenario" time="30.786" classname="runner.NaukriRunner"/>
</testsuite> <!-- runner.NaukriRunner -->
